<!DOCTYPE html>
<!--
 | Generated by Apache Maven Doxia Site Renderer 1.11.1 at 2024-05-05

 | Rendered using Apache Maven Default Skin
-->
<html xmlns="http://www.w3.org/1999/xhtml" xml:lang="en" lang="en">
  <head>
    <meta charset="UTF-8" />
    <meta name="viewport" content="width=device-width, initial-scale=1.0" />
    <meta name="generator" content="Apache Maven Doxia Site Renderer 1.11.1" />
    <title>api &#x2013; Surefire Report</title>
    <link rel="stylesheet" href="./css/maven-base.css" />
    <link rel="stylesheet" href="./css/maven-theme.css" />
    <link rel="stylesheet" href="./css/site.css" />
    <link rel="stylesheet" href="./css/print.css" media="print" />
  </head>
  <body class="composite">
    <div id="banner">
      <div class="clear">
        <hr/>
      </div>
    </div>
    <div id="breadcrumbs">
      <div class="xleft">
        <span id="publishDate">Last Published: 2024-05-05</span>
           | <span id="projectVersion">Version: 1.0-SNAPSHOT</span>
      </div>
      <div class="xright">      </div>
      <div class="clear">
        <hr/>
      </div>
    </div>
    <div id="leftColumn">
      <div id="navcolumn">
      <a href="http://maven.apache.org/" title="Built by Maven" class="poweredBy">
        <img class="poweredBy" alt="Built by Maven" src="./images/logos/maven-feather.png" />
      </a>
      </div>
    </div>
    <div id="bodyColumn">
      <div id="contentBox">
<script type="text/javascript">
function toggleDisplay(elementId) {
 var elm = document.getElementById(elementId + '-error');
 if (elm == null) {
  elm = document.getElementById(elementId + '-failure');
 }
 if (elm && typeof elm.style != "undefined") {
  if (elm.style.display == "none") {
   elm.style.display = "";
   document.getElementById(elementId + '-off').style.display = "none";
   document.getElementById(elementId + '-on').style.display = "inline";
  } else if (elm.style.display == "") {   elm.style.display = "none";
   document.getElementById(elementId + '-off').style.display = "inline";
   document.getElementById(elementId + '-on').style.display = "none";
  }
 }
 }</script><section>
<h2><a name="Surefire_Report"></a>Surefire Report</h2></section><section><a id="Summary"></a>
<h2><a name="Summary"></a>Summary</h2>
<p>[<a href="#Summary">Summary</a>] [<a href="#Package_List">Package List</a>] [<a href="#Test_Cases">Test Cases</a>]</p><br />
<table border="0" class="bodyTable">
<tr class="a">
<th>Tests</th>
<th>Errors</th>
<th>Failures</th>
<th>Skipped</th>
<th>Success Rate</th>
<th>Time</th></tr>
<tr class="b">
<td align="left">20</td>
<td>0</td>
<td>11</td>
<td>0</td>
<td>45.0%</td>
<td>33.43 s</td></tr></table><br />
<p>Note: failures are anticipated and checked for with assertions while errors are unanticipated.</p><br /></section><section><a id="Package_List"></a>
<h2><a name="Package_List"></a>Package List</h2>
<p>[<a href="#Summary">Summary</a>] [<a href="#Package_List">Package List</a>] [<a href="#Test_Cases">Test Cases</a>]</p><br />
<table border="0" class="bodyTable">
<tr class="a">
<th>Package</th>
<th>Tests</th>
<th>Errors</th>
<th>Failures</th>
<th>Skipped</th>
<th>Success Rate</th>
<th>Time</th></tr>
<tr class="b">
<td align="left"><a href="#com.apitest">com.apitest</a></td>
<td>20</td>
<td>0</td>
<td>11</td>
<td>0</td>
<td>45.0%</td>
<td>33.43 s</td></tr></table><br />
<p>Note: package statistics are not computed recursively, they only sum up all of its testsuites numbers.</p><section><a id="com.apitest"></a>
<h3><a name="com.apitest"></a>com.apitest</h3>
<table border="0" class="bodyTable">
<tr class="a">
<th>-</th>
<th>Class</th>
<th>Tests</th>
<th>Errors</th>
<th>Failures</th>
<th>Skipped</th>
<th>Success Rate</th>
<th>Time</th></tr>
<tr class="b">
<td align="left"><a href="#com.apitest.CreateTest"><img src="images/icon_warning_sml.gif" alt="" /></a></td>
<td><a href="#com.apitest.CreateTest">CreateTest</a></td>
<td>8</td>
<td>0</td>
<td>5</td>
<td>0</td>
<td>37.5%</td>
<td>28.17 s</td></tr>
<tr class="a">
<td align="left"><a href="#com.apitest.DeleteTest"><img src="images/icon_success_sml.gif" alt="" /></a></td>
<td><a href="#com.apitest.DeleteTest">DeleteTest</a></td>
<td>2</td>
<td>0</td>
<td>0</td>
<td>0</td>
<td>100%</td>
<td>0.737 s</td></tr>
<tr class="b">
<td align="left"><a href="#com.apitest.GetTest"><img src="images/icon_success_sml.gif" alt="" /></a></td>
<td><a href="#com.apitest.GetTest">GetTest</a></td>
<td>2</td>
<td>0</td>
<td>0</td>
<td>0</td>
<td>100%</td>
<td>1.054 s</td></tr>
<tr class="a">
<td align="left"><a href="#com.apitest.UpdateTest"><img src="images/icon_warning_sml.gif" alt="" /></a></td>
<td><a href="#com.apitest.UpdateTest">UpdateTest</a></td>
<td>8</td>
<td>0</td>
<td>6</td>
<td>0</td>
<td>25.0%</td>
<td>3.467 s</td></tr></table></section><br /></section><section><a id="Test_Cases"></a>
<h2><a name="Test_Cases"></a>Test Cases</h2>
<p>[<a href="#Summary">Summary</a>] [<a href="#Package_List">Package List</a>] [<a href="#Test_Cases">Test Cases</a>]</p><section><a id="com.apitest.CreateTest"></a>
<h3><a name="CreateTest"></a>CreateTest</h3>
<table border="0" class="bodyTable">
<tr class="a">
<td align="left"><a href="#com.apitest.CreateTest.create_valid_user_maksimum_firstname"><img src="images/icon_error_sml.gif" alt="" /></a></td>
<td><a id="TC_com.apitest.CreateTest.create_valid_user_maksimum_firstname"></a><a href="#com.apitest.CreateTest.create_valid_user_maksimum_firstname">create_valid_user_maksimum_firstname</a>
<div class="detailToggle" style="display:inline"><a href="javascript:toggleDisplay('com.apitest.CreateTest.create_valid_user_maksimum_firstname');"><span style="display:inline;" id="com.apitest.CreateTest.create_valid_user_maksimum_firstname-off"> + </span><span style="display:none;" id="com.apitest.CreateTest.create_valid_user_maksimum_firstname-on"> - </span>[ Detail ]</a></div></td>
<td>22.16 s</td></tr>
<tr class="b" id="com.apitest.CreateTest.create_valid_user_maksimum_firstname-failure" style="display:none;">
<td align="left">-</td>
<td>
<div class="source">
<pre>java.lang.AssertionError: 
1 expectation failed.
Response body doesn't match expectation.
Expected: The content to match the given JSON schema.
error: object has missing required properties ([&quot;email&quot;,&quot;firstName&quot;,&quot;id&quot;,&quot;lastName&quot;])
    level: &quot;error&quot;
    schema: {&quot;loadingURI&quot;:&quot;file:/D:/Lainnya/Kuliah/Semester%206/PPL/Praktek/Praktek%207/api/target/test-classes/user-schema.json#&quot;,&quot;pointer&quot;:&quot;/definitions/user&quot;}
    instance: {&quot;pointer&quot;:&quot;&quot;}
    domain: &quot;validation&quot;
    keyword: &quot;required&quot;
    required: [&quot;email&quot;,&quot;firstName&quot;,&quot;id&quot;,&quot;lastName&quot;]
    missing: [&quot;email&quot;,&quot;firstName&quot;,&quot;id&quot;,&quot;lastName&quot;]

  Actual: {&quot;error&quot;:&quot;BODY_NOT_VALID&quot;,&quot;data&quot;:{&quot;email&quot;:&quot;Email already used&quot;}}

	at com.apitest.CreateTest.create_valid_user_maksimum_firstname(CreateTest.java:230)
</pre></div></td>
<td>-</td></tr>
<tr class="a">
<td align="left"><a href="#com.apitest.CreateTest.create_valid_user_minimum_lastname"><img src="images/icon_error_sml.gif" alt="" /></a></td>
<td><a id="TC_com.apitest.CreateTest.create_valid_user_minimum_lastname"></a><a href="#com.apitest.CreateTest.create_valid_user_minimum_lastname">create_valid_user_minimum_lastname</a>
<div class="detailToggle" style="display:inline"><a href="javascript:toggleDisplay('com.apitest.CreateTest.create_valid_user_minimum_lastname');"><span style="display:inline;" id="com.apitest.CreateTest.create_valid_user_minimum_lastname-off"> + </span><span style="display:none;" id="com.apitest.CreateTest.create_valid_user_minimum_lastname-on"> - </span>[ Detail ]</a></div></td>
<td>0.748 s</td></tr>
<tr class="b" id="com.apitest.CreateTest.create_valid_user_minimum_lastname-failure" style="display:none;">
<td align="left">-</td>
<td>
<div class="source">
<pre>java.lang.AssertionError: 
1 expectation failed.
Response body doesn't match expectation.
Expected: The content to match the given JSON schema.
error: object has missing required properties ([&quot;email&quot;,&quot;firstName&quot;,&quot;id&quot;,&quot;lastName&quot;])
    level: &quot;error&quot;
    schema: {&quot;loadingURI&quot;:&quot;file:/D:/Lainnya/Kuliah/Semester%206/PPL/Praktek/Praktek%207/api/target/test-classes/user-schema.json#&quot;,&quot;pointer&quot;:&quot;/definitions/user&quot;}
    instance: {&quot;pointer&quot;:&quot;&quot;}
    domain: &quot;validation&quot;
    keyword: &quot;required&quot;
    required: [&quot;email&quot;,&quot;firstName&quot;,&quot;id&quot;,&quot;lastName&quot;]
    missing: [&quot;email&quot;,&quot;firstName&quot;,&quot;id&quot;,&quot;lastName&quot;]

  Actual: {&quot;error&quot;:&quot;BODY_NOT_VALID&quot;,&quot;data&quot;:{&quot;email&quot;:&quot;Email already used&quot;}}

	at com.apitest.CreateTest.create_valid_user_minimum_lastname(CreateTest.java:275)
</pre></div></td>
<td>-</td></tr>
<tr class="a">
<td align="left"><a href="#com.apitest.CreateTest.create_valid_user_maksimum_lastname"><img src="images/icon_error_sml.gif" alt="" /></a></td>
<td><a id="TC_com.apitest.CreateTest.create_valid_user_maksimum_lastname"></a><a href="#com.apitest.CreateTest.create_valid_user_maksimum_lastname">create_valid_user_maksimum_lastname</a>
<div class="detailToggle" style="display:inline"><a href="javascript:toggleDisplay('com.apitest.CreateTest.create_valid_user_maksimum_lastname');"><span style="display:inline;" id="com.apitest.CreateTest.create_valid_user_maksimum_lastname-off"> + </span><span style="display:none;" id="com.apitest.CreateTest.create_valid_user_maksimum_lastname-on"> - </span>[ Detail ]</a></div></td>
<td>0.472 s</td></tr>
<tr class="b" id="com.apitest.CreateTest.create_valid_user_maksimum_lastname-failure" style="display:none;">
<td align="left">-</td>
<td>
<div class="source">
<pre>java.lang.AssertionError: 
1 expectation failed.
Response body doesn't match expectation.
Expected: The content to match the given JSON schema.
error: object has missing required properties ([&quot;email&quot;,&quot;firstName&quot;,&quot;id&quot;,&quot;lastName&quot;])
    level: &quot;error&quot;
    schema: {&quot;loadingURI&quot;:&quot;file:/D:/Lainnya/Kuliah/Semester%206/PPL/Praktek/Praktek%207/api/target/test-classes/user-schema.json#&quot;,&quot;pointer&quot;:&quot;/definitions/user&quot;}
    instance: {&quot;pointer&quot;:&quot;&quot;}
    domain: &quot;validation&quot;
    keyword: &quot;required&quot;
    required: [&quot;email&quot;,&quot;firstName&quot;,&quot;id&quot;,&quot;lastName&quot;]
    missing: [&quot;email&quot;,&quot;firstName&quot;,&quot;id&quot;,&quot;lastName&quot;]

  Actual: {&quot;error&quot;:&quot;BODY_NOT_VALID&quot;,&quot;data&quot;:{&quot;email&quot;:&quot;Email already used&quot;}}

	at com.apitest.CreateTest.create_valid_user_maksimum_lastname(CreateTest.java:320)
</pre></div></td>
<td>-</td></tr>
<tr class="a">
<td align="left"><img src="images/icon_success_sml.gif" alt="" /></td>
<td><a id="TC_com.apitest.CreateTest.create_invalid_user_without_firstname"></a>create_invalid_user_without_firstname</td>
<td>2.950 s</td></tr>
<tr class="b">
<td align="left"><a href="#com.apitest.CreateTest.create_valid_user_id"><img src="images/icon_error_sml.gif" alt="" /></a></td>
<td><a id="TC_com.apitest.CreateTest.create_valid_user_id"></a><a href="#com.apitest.CreateTest.create_valid_user_id">create_valid_user_id</a>
<div class="detailToggle" style="display:inline"><a href="javascript:toggleDisplay('com.apitest.CreateTest.create_valid_user_id');"><span style="display:inline;" id="com.apitest.CreateTest.create_valid_user_id-off"> + </span><span style="display:none;" id="com.apitest.CreateTest.create_valid_user_id-on"> - </span>[ Detail ]</a></div></td>
<td>0.403 s</td></tr>
<tr class="a" id="com.apitest.CreateTest.create_valid_user_id-failure" style="display:none;">
<td align="left">-</td>
<td>
<div class="source">
<pre>java.lang.AssertionError: 
1 expectation failed.
Response body doesn't match expectation.
Expected: The content to match the given JSON schema.
error: object has missing required properties ([&quot;email&quot;,&quot;firstName&quot;,&quot;id&quot;,&quot;lastName&quot;])
    level: &quot;error&quot;
    schema: {&quot;loadingURI&quot;:&quot;file:/D:/Lainnya/Kuliah/Semester%206/PPL/Praktek/Praktek%207/api/target/test-classes/user-schema.json#&quot;,&quot;pointer&quot;:&quot;/definitions/user&quot;}
    instance: {&quot;pointer&quot;:&quot;&quot;}
    domain: &quot;validation&quot;
    keyword: &quot;required&quot;
    required: [&quot;email&quot;,&quot;firstName&quot;,&quot;id&quot;,&quot;lastName&quot;]
    missing: [&quot;email&quot;,&quot;firstName&quot;,&quot;id&quot;,&quot;lastName&quot;]

  Actual: {&quot;error&quot;:&quot;BODY_NOT_VALID&quot;,&quot;data&quot;:{&quot;email&quot;:&quot;Email already used&quot;}}

	at com.apitest.CreateTest.create_valid_user_id(CreateTest.java:50)
</pre></div></td>
<td>-</td></tr>
<tr class="b">
<td align="left"><a href="#com.apitest.CreateTest.create_valid_user_minimum_firstname"><img src="images/icon_error_sml.gif" alt="" /></a></td>
<td><a id="TC_com.apitest.CreateTest.create_valid_user_minimum_firstname"></a><a href="#com.apitest.CreateTest.create_valid_user_minimum_firstname">create_valid_user_minimum_firstname</a>
<div class="detailToggle" style="display:inline"><a href="javascript:toggleDisplay('com.apitest.CreateTest.create_valid_user_minimum_firstname');"><span style="display:inline;" id="com.apitest.CreateTest.create_valid_user_minimum_firstname-off"> + </span><span style="display:none;" id="com.apitest.CreateTest.create_valid_user_minimum_firstname-on"> - </span>[ Detail ]</a></div></td>
<td>0.476 s</td></tr>
<tr class="a" id="com.apitest.CreateTest.create_valid_user_minimum_firstname-failure" style="display:none;">
<td align="left">-</td>
<td>
<div class="source">
<pre>java.lang.AssertionError: 
1 expectation failed.
Response body doesn't match expectation.
Expected: The content to match the given JSON schema.
error: object has missing required properties ([&quot;email&quot;,&quot;firstName&quot;,&quot;id&quot;,&quot;lastName&quot;])
    level: &quot;error&quot;
    schema: {&quot;loadingURI&quot;:&quot;file:/D:/Lainnya/Kuliah/Semester%206/PPL/Praktek/Praktek%207/api/target/test-classes/user-schema.json#&quot;,&quot;pointer&quot;:&quot;/definitions/user&quot;}
    instance: {&quot;pointer&quot;:&quot;&quot;}
    domain: &quot;validation&quot;
    keyword: &quot;required&quot;
    required: [&quot;email&quot;,&quot;firstName&quot;,&quot;id&quot;,&quot;lastName&quot;]
    missing: [&quot;email&quot;,&quot;firstName&quot;,&quot;id&quot;,&quot;lastName&quot;]

  Actual: {&quot;error&quot;:&quot;BODY_NOT_VALID&quot;,&quot;data&quot;:{&quot;email&quot;:&quot;Email already used&quot;}}

	at com.apitest.CreateTest.create_valid_user_minimum_firstname(CreateTest.java:185)
</pre></div></td>
<td>-</td></tr>
<tr class="b">
<td align="left"><img src="images/icon_success_sml.gif" alt="" /></td>
<td><a id="TC_com.apitest.CreateTest.create_invalid_user_without_email"></a>create_invalid_user_without_email</td>
<td>0.387 s</td></tr>
<tr class="a">
<td align="left"><img src="images/icon_success_sml.gif" alt="" /></td>
<td><a id="TC_com.apitest.CreateTest.create_invalid_user_without_lastname"></a>create_invalid_user_without_lastname</td>
<td>0.386 s</td></tr></table></section><section><a id="com.apitest.DeleteTest"></a>
<h3><a name="DeleteTest"></a>DeleteTest</h3>
<table border="0" class="bodyTable">
<tr class="a">
<td align="left"><img src="images/icon_success_sml.gif" alt="" /></td>
<td><a id="TC_com.apitest.DeleteTest.delete_deleted_user_id"></a>delete_deleted_user_id</td>
<td>0.360 s</td></tr>
<tr class="b">
<td align="left"><img src="images/icon_success_sml.gif" alt="" /></td>
<td><a id="TC_com.apitest.DeleteTest.delete_invalid_user_id"></a>delete_invalid_user_id</td>
<td>0.368 s</td></tr></table></section><section><a id="com.apitest.GetTest"></a>
<h3><a name="GetTest"></a>GetTest</h3>
<table border="0" class="bodyTable">
<tr class="a">
<td align="left"><img src="images/icon_success_sml.gif" alt="" /></td>
<td><a id="TC_com.apitest.GetTest.get_invalid_user_id"></a>get_invalid_user_id</td>
<td>0.428 s</td></tr>
<tr class="b">
<td align="left"><img src="images/icon_success_sml.gif" alt="" /></td>
<td><a id="TC_com.apitest.GetTest.get_valid_user_id"></a>get_valid_user_id</td>
<td>0.620 s</td></tr></table></section><section><a id="com.apitest.UpdateTest"></a>
<h3><a name="UpdateTest"></a>UpdateTest</h3>
<table border="0" class="bodyTable">
<tr class="a">
<td align="left"><a href="#com.apitest.UpdateTest.update_user_title_mrs"><img src="images/icon_error_sml.gif" alt="" /></a></td>
<td><a id="TC_com.apitest.UpdateTest.update_user_title_mrs"></a><a href="#com.apitest.UpdateTest.update_user_title_mrs">update_user_title_mrs</a>
<div class="detailToggle" style="display:inline"><a href="javascript:toggleDisplay('com.apitest.UpdateTest.update_user_title_mrs');"><span style="display:inline;" id="com.apitest.UpdateTest.update_user_title_mrs-off"> + </span><span style="display:none;" id="com.apitest.UpdateTest.update_user_title_mrs-on"> - </span>[ Detail ]</a></div></td>
<td>0.473 s</td></tr>
<tr class="b" id="com.apitest.UpdateTest.update_user_title_mrs-failure" style="display:none;">
<td align="left">-</td>
<td>
<div class="source">
<pre>java.lang.AssertionError: 
1 expectation failed.
Expected status code &lt;200&gt; but was &lt;400&gt;.

	at com.apitest.UpdateTest.update_user_title_mrs(UpdateTest.java:84)
</pre></div></td>
<td>-</td></tr>
<tr class="a">
<td align="left"><a href="#com.apitest.UpdateTest.update_user_title_miss"><img src="images/icon_error_sml.gif" alt="" /></a></td>
<td><a id="TC_com.apitest.UpdateTest.update_user_title_miss"></a><a href="#com.apitest.UpdateTest.update_user_title_miss">update_user_title_miss</a>
<div class="detailToggle" style="display:inline"><a href="javascript:toggleDisplay('com.apitest.UpdateTest.update_user_title_miss');"><span style="display:inline;" id="com.apitest.UpdateTest.update_user_title_miss-off"> + </span><span style="display:none;" id="com.apitest.UpdateTest.update_user_title_miss-on"> - </span>[ Detail ]</a></div></td>
<td>0.424 s</td></tr>
<tr class="b" id="com.apitest.UpdateTest.update_user_title_miss-failure" style="display:none;">
<td align="left">-</td>
<td>
<div class="source">
<pre>java.lang.AssertionError: 
1 expectation failed.
Expected status code &lt;200&gt; but was &lt;400&gt;.

	at com.apitest.UpdateTest.update_user_title_miss(UpdateTest.java:98)
</pre></div></td>
<td>-</td></tr>
<tr class="a">
<td align="left"><a href="#com.apitest.UpdateTest.update_user_title_null"><img src="images/icon_error_sml.gif" alt="" /></a></td>
<td><a id="TC_com.apitest.UpdateTest.update_user_title_null"></a><a href="#com.apitest.UpdateTest.update_user_title_null">update_user_title_null</a>
<div class="detailToggle" style="display:inline"><a href="javascript:toggleDisplay('com.apitest.UpdateTest.update_user_title_null');"><span style="display:inline;" id="com.apitest.UpdateTest.update_user_title_null-off"> + </span><span style="display:none;" id="com.apitest.UpdateTest.update_user_title_null-on"> - </span>[ Detail ]</a></div></td>
<td>0.456 s</td></tr>
<tr class="b" id="com.apitest.UpdateTest.update_user_title_null-failure" style="display:none;">
<td align="left">-</td>
<td>
<div class="source">
<pre>java.lang.AssertionError: 
1 expectation failed.
Expected status code &lt;200&gt; but was &lt;400&gt;.

	at com.apitest.UpdateTest.update_user_title_null(UpdateTest.java:126)
</pre></div></td>
<td>-</td></tr>
<tr class="a">
<td align="left"><img src="images/icon_success_sml.gif" alt="" /></td>
<td><a id="TC_com.apitest.UpdateTest.update_invalid_user_id"></a>update_invalid_user_id</td>
<td>0.411 s</td></tr>
<tr class="b">
<td align="left"><a href="#com.apitest.UpdateTest.update_user_title_dr"><img src="images/icon_error_sml.gif" alt="" /></a></td>
<td><a id="TC_com.apitest.UpdateTest.update_user_title_dr"></a><a href="#com.apitest.UpdateTest.update_user_title_dr">update_user_title_dr</a>
<div class="detailToggle" style="display:inline"><a href="javascript:toggleDisplay('com.apitest.UpdateTest.update_user_title_dr');"><span style="display:inline;" id="com.apitest.UpdateTest.update_user_title_dr-off"> + </span><span style="display:none;" id="com.apitest.UpdateTest.update_user_title_dr-on"> - </span>[ Detail ]</a></div></td>
<td>0.362 s</td></tr>
<tr class="a" id="com.apitest.UpdateTest.update_user_title_dr-failure" style="display:none;">
<td align="left">-</td>
<td>
<div class="source">
<pre>java.lang.AssertionError: 
1 expectation failed.
Expected status code &lt;200&gt; but was &lt;400&gt;.

	at com.apitest.UpdateTest.update_user_title_dr(UpdateTest.java:112)
</pre></div></td>
<td>-</td></tr>
<tr class="b">
<td align="left"><a href="#com.apitest.UpdateTest.update_user_title_mr"><img src="images/icon_error_sml.gif" alt="" /></a></td>
<td><a id="TC_com.apitest.UpdateTest.update_user_title_mr"></a><a href="#com.apitest.UpdateTest.update_user_title_mr">update_user_title_mr</a>
<div class="detailToggle" style="display:inline"><a href="javascript:toggleDisplay('com.apitest.UpdateTest.update_user_title_mr');"><span style="display:inline;" id="com.apitest.UpdateTest.update_user_title_mr-off"> + </span><span style="display:none;" id="com.apitest.UpdateTest.update_user_title_mr-on"> - </span>[ Detail ]</a></div></td>
<td>0.607 s</td></tr>
<tr class="a" id="com.apitest.UpdateTest.update_user_title_mr-failure" style="display:none;">
<td align="left">-</td>
<td>
<div class="source">
<pre>java.lang.AssertionError: 
1 expectation failed.
Expected status code &lt;200&gt; but was &lt;400&gt;.

	at com.apitest.UpdateTest.update_user_title_mr(UpdateTest.java:56)
</pre></div></td>
<td>-</td></tr>
<tr class="b">
<td align="left"><a href="#com.apitest.UpdateTest.update_user_title_ms"><img src="images/icon_error_sml.gif" alt="" /></a></td>
<td><a id="TC_com.apitest.UpdateTest.update_user_title_ms"></a><a href="#com.apitest.UpdateTest.update_user_title_ms">update_user_title_ms</a>
<div class="detailToggle" style="display:inline"><a href="javascript:toggleDisplay('com.apitest.UpdateTest.update_user_title_ms');"><span style="display:inline;" id="com.apitest.UpdateTest.update_user_title_ms-off"> + </span><span style="display:none;" id="com.apitest.UpdateTest.update_user_title_ms-on"> - </span>[ Detail ]</a></div></td>
<td>0.359 s</td></tr>
<tr class="a" id="com.apitest.UpdateTest.update_user_title_ms-failure" style="display:none;">
<td align="left">-</td>
<td>
<div class="source">
<pre>java.lang.AssertionError: 
1 expectation failed.
Expected status code &lt;200&gt; but was &lt;400&gt;.

	at com.apitest.UpdateTest.update_user_title_ms(UpdateTest.java:70)
</pre></div></td>
<td>-</td></tr>
<tr class="b">
<td align="left"><img src="images/icon_success_sml.gif" alt="" /></td>
<td><a id="TC_com.apitest.UpdateTest.update_no_user_id"></a>update_no_user_id</td>
<td>0.357 s</td></tr></table></section><br /></section><section><a id="Failure_Details"></a>
<h2><a name="Failure_Details"></a>Failure Details</h2>
<p>[<a href="#Summary">Summary</a>] [<a href="#Package_List">Package List</a>] [<a href="#Test_Cases">Test Cases</a>]</p><br />
<table border="0" class="bodyTable">
<tr class="a">
<td align="left"><img src="images/icon_error_sml.gif" alt="" /></td>
<td><a id="com.apitest.CreateTest.create_valid_user_maksimum_firstname"></a>create_valid_user_maksimum_firstname</td></tr>
<tr class="b">
<td align="left">-</td>
<td>java.lang.AssertionError</td></tr>
<tr class="a">
<td align="left">-</td>
<td>
<div id="create_valid_user_maksimum_firstname-failure">com.apitest.CreateTest:230</div></td></tr>
<tr class="b">
<td align="left"><img src="images/icon_error_sml.gif" alt="" /></td>
<td><a id="com.apitest.CreateTest.create_valid_user_minimum_lastname"></a>create_valid_user_minimum_lastname</td></tr>
<tr class="a">
<td align="left">-</td>
<td>java.lang.AssertionError</td></tr>
<tr class="b">
<td align="left">-</td>
<td>
<div id="create_valid_user_minimum_lastname-failure">com.apitest.CreateTest:275</div></td></tr>
<tr class="a">
<td align="left"><img src="images/icon_error_sml.gif" alt="" /></td>
<td><a id="com.apitest.CreateTest.create_valid_user_maksimum_lastname"></a>create_valid_user_maksimum_lastname</td></tr>
<tr class="b">
<td align="left">-</td>
<td>java.lang.AssertionError</td></tr>
<tr class="a">
<td align="left">-</td>
<td>
<div id="create_valid_user_maksimum_lastname-failure">com.apitest.CreateTest:320</div></td></tr>
<tr class="b">
<td align="left"><img src="images/icon_error_sml.gif" alt="" /></td>
<td><a id="com.apitest.CreateTest.create_valid_user_id"></a>create_valid_user_id</td></tr>
<tr class="a">
<td align="left">-</td>
<td>java.lang.AssertionError</td></tr>
<tr class="b">
<td align="left">-</td>
<td>
<div id="create_valid_user_id-failure">com.apitest.CreateTest:50</div></td></tr>
<tr class="a">
<td align="left"><img src="images/icon_error_sml.gif" alt="" /></td>
<td><a id="com.apitest.CreateTest.create_valid_user_minimum_firstname"></a>create_valid_user_minimum_firstname</td></tr>
<tr class="b">
<td align="left">-</td>
<td>java.lang.AssertionError</td></tr>
<tr class="a">
<td align="left">-</td>
<td>
<div id="create_valid_user_minimum_firstname-failure">com.apitest.CreateTest:185</div></td></tr>
<tr class="b">
<td align="left"><img src="images/icon_error_sml.gif" alt="" /></td>
<td><a id="com.apitest.UpdateTest.update_user_title_mrs"></a>update_user_title_mrs</td></tr>
<tr class="a">
<td align="left">-</td>
<td>java.lang.AssertionError</td></tr>
<tr class="b">
<td align="left">-</td>
<td>
<div id="update_user_title_mrs-failure">com.apitest.UpdateTest:84</div></td></tr>
<tr class="a">
<td align="left"><img src="images/icon_error_sml.gif" alt="" /></td>
<td><a id="com.apitest.UpdateTest.update_user_title_miss"></a>update_user_title_miss</td></tr>
<tr class="b">
<td align="left">-</td>
<td>java.lang.AssertionError</td></tr>
<tr class="a">
<td align="left">-</td>
<td>
<div id="update_user_title_miss-failure">com.apitest.UpdateTest:98</div></td></tr>
<tr class="b">
<td align="left"><img src="images/icon_error_sml.gif" alt="" /></td>
<td><a id="com.apitest.UpdateTest.update_user_title_null"></a>update_user_title_null</td></tr>
<tr class="a">
<td align="left">-</td>
<td>java.lang.AssertionError</td></tr>
<tr class="b">
<td align="left">-</td>
<td>
<div id="update_user_title_null-failure">com.apitest.UpdateTest:126</div></td></tr>
<tr class="a">
<td align="left"><img src="images/icon_error_sml.gif" alt="" /></td>
<td><a id="com.apitest.UpdateTest.update_user_title_dr"></a>update_user_title_dr</td></tr>
<tr class="b">
<td align="left">-</td>
<td>java.lang.AssertionError</td></tr>
<tr class="a">
<td align="left">-</td>
<td>
<div id="update_user_title_dr-failure">com.apitest.UpdateTest:112</div></td></tr>
<tr class="b">
<td align="left"><img src="images/icon_error_sml.gif" alt="" /></td>
<td><a id="com.apitest.UpdateTest.update_user_title_mr"></a>update_user_title_mr</td></tr>
<tr class="a">
<td align="left">-</td>
<td>java.lang.AssertionError</td></tr>
<tr class="b">
<td align="left">-</td>
<td>
<div id="update_user_title_mr-failure">com.apitest.UpdateTest:56</div></td></tr>
<tr class="a">
<td align="left"><img src="images/icon_error_sml.gif" alt="" /></td>
<td><a id="com.apitest.UpdateTest.update_user_title_ms"></a>update_user_title_ms</td></tr>
<tr class="b">
<td align="left">-</td>
<td>java.lang.AssertionError</td></tr>
<tr class="a">
<td align="left">-</td>
<td>
<div id="update_user_title_ms-failure">com.apitest.UpdateTest:70</div></td></tr></table><br /></section>
      </div>
    </div>
    <div class="clear">
      <hr/>
    </div>
    <div id="footer">
      <div class="xright">
        Copyright &#169;      2024..      </div>
      <div class="clear">
        <hr/>
      </div>
    </div>
  </body>
</html>
